<?xml version="1.0" encoding="UTF-8"?>
<testsuite xmlns:xsi="http://www.w3.org/2001/XMLSchema-instance" xsi:noNamespaceSchemaLocation="https://maven.apache.org/surefire/maven-surefire-plugin/xsd/surefire-test-report-3.0.xsd" version="3.0" name="com.BookPipeline.BookPipeline.BookPipelineApplicationTests" time="3.485" tests="1" errors="0" skipped="0" failures="0">
  <properties>
[...]
</properties>
  <testcase name="contextLoads" classname="com.BookPipeline.BookPipeline.BookPipelineApplicationTests" time="0.309">
    <system-out><![CDATA[11:40:50.524 [main] INFO org.springframework.test.context.support.AnnotationConfigContextLoaderUtils -- Could not detect default configuration classes for test class [com.BookPipeline.BookPipeline.BookPipelineApplicationTests]: BookPipelineApplicationTests does not declare any static, non-private, non-final, nested classes annotated with @Configuration.
11:40:50.580 [main] INFO org.springframework.boot.test.context.SpringBootTestContextBootstrapper -- Found @SpringBootConfiguration com.BookPipeline.BookPipeline.BookPipelineApplication for test class com.BookPipeline.BookPipeline.BookPipelineApplicationTests

  .   ____          _            __ _ _
 /\\ / ___'_ __ _ _(_)_ __  __ _ \ \ \ \
( ( )\___ | '_ | '_| | '_ \/ _` | \ \ \ \
 \\/  ___)| |_)| | | | | || (_| |  ) ) ) )
  '  |____| .__|_| |_|_| |_\__, | / / / /
 =========|_|==============|___/=/_/_/_/
 :: Spring Boot ::                (v3.2.3)

2024-02-27T11:40:50.807+01:00  INFO 30564 --- [           main] c.B.B.BookPipelineApplicationTests       : Starting BookPipelineApplicationTests using Java 21.0.2 with PID 30564 (started by samer in C:\Users\samer\IdeaProjects\Book_Pipeline)
2024-02-27T11:40:50.808+01:00  INFO 30564 --- [           main] c.B.B.BookPipelineApplicationTests       : No active profile set, falling back to 1 default profile: "default"
2024-02-27T11:40:51.188+01:00  INFO 30564 --- [           main] .s.d.r.c.RepositoryConfigurationDelegate : Bootstrapping Spring Data JPA repositories in DEFAULT mode.
2024-02-27T11:40:51.217+01:00  INFO 30564 --- [           main] .s.d.r.c.RepositoryConfigurationDelegate : Finished Spring Data repository scanning in 25 ms. Found 1 JPA repository interface.
2024-02-27T11:40:51.593+01:00  INFO 30564 --- [           main] o.hibernate.jpa.internal.util.LogHelper  : HHH000204: Processing PersistenceUnitInfo [name: default]
2024-02-27T11:40:51.738+01:00  INFO 30564 --- [           main] org.hibernate.Version                    : HHH000412: Hibernate ORM core version 6.4.4.Final
2024-02-27T11:40:51.796+01:00  INFO 30564 --- [           main] o.h.c.internal.RegionFactoryInitiator    : HHH000026: Second-level cache disabled
2024-02-27T11:40:51.856+01:00 DEBUG 30564 --- [           main] org.hibernate.type.BasicTypeRegistry     : Adding type registration boolean -> org.hibernate.type.BasicTypeReference@102c18e
2024-02-27T11:40:51.856+01:00 DEBUG 30564 --- [           main] org.hibernate.type.BasicTypeRegistry     : Adding type registration boolean -> org.hibernate.type.BasicTypeReference@102c18e
2024-02-27T11:40:51.856+01:00 DEBUG 30564 --- [           main] org.hibernate.type.BasicTypeRegistry     : Adding type registration java.lang.Boolean -> org.hibernate.type.BasicTypeReference@102c18e
2024-02-27T11:40:51.856+01:00 DEBUG 30564 --- [           main] org.hibernate.type.BasicTypeRegistry     : Adding type registration numeric_boolean -> org.hibernate.type.BasicTypeReference@26e0d39c
2024-02-27T11:40:51.856+01:00 DEBUG 30564 --- [           main] org.hibernate.type.BasicTypeRegistry     : Adding type registration org.hibernate.type.NumericBooleanConverter -> org.hibernate.type.BasicTypeReference@26e0d39c
2024-02-27T11:40:51.857+01:00 DEBUG 30564 --- [           main] org.hibernate.type.BasicTypeRegistry     : Adding type registration true_false -> org.hibernate.type.BasicTypeReference@65eb3597
2024-02-27T11:40:51.857+01:00 DEBUG 30564 --- [           main] org.hibernate.type.BasicTypeRegistry     : Adding type registration org.hibernate.type.TrueFalseConverter -> org.hibernate.type.BasicTypeReference@65eb3597
2024-02-27T11:40:51.857+01:00 DEBUG 30564 --- [           main] org.hibernate.type.BasicTypeRegistry     : Adding type registration yes_no -> org.hibernate.type.BasicTypeReference@3c7279a5
2024-02-27T11:40:51.857+01:00 DEBUG 30564 --- [           main] org.hibernate.type.BasicTypeRegistry     : Adding type registration org.hibernate.type.YesNoConverter -> org.hibernate.type.BasicTypeReference@3c7279a5
2024-02-27T11:40:51.857+01:00 DEBUG 30564 --- [           main] org.hibernate.type.BasicTypeRegistry     : Adding type registration byte -> org.hibernate.type.BasicTypeReference@2bebd114
2024-02-27T11:40:51.857+01:00 DEBUG 30564 --- [           main] org.hibernate.type.BasicTypeRegistry     : Adding type registration byte -> org.hibernate.type.BasicTypeReference@2bebd114
2024-02-27T11:40:51.857+01:00 DEBUG 30564 --- [           main] org.hibernate.type.BasicTypeRegistry     : Adding type registration java.lang.Byte -> org.hibernate.type.BasicTypeReference@2bebd114
2024-02-27T11:40:51.857+01:00 DEBUG 30564 --- [           main] org.hibernate.type.BasicTypeRegistry     : Adding type registration binary -> org.hibernate.type.BasicTypeReference@b379bc6
2024-02-27T11:40:51.857+01:00 DEBUG 30564 --- [           main] org.hibernate.type.BasicTypeRegistry     : Adding type registration byte[] -> org.hibernate.type.BasicTypeReference@b379bc6
2024-02-27T11:40:51.857+01:00 DEBUG 30564 --- [           main] org.hibernate.type.BasicTypeRegistry     : Adding type registration [B -> org.hibernate.type.BasicTypeReference@b379bc6
2024-02-27T11:40:51.857+01:00 DEBUG 30564 --- [           main] org.hibernate.type.BasicTypeRegistry     : Adding type registration binary_wrapper -> org.hibernate.type.BasicTypeReference@374c40ba
2024-02-27T11:40:51.857+01:00 DEBUG 30564 --- [           main] org.hibernate.type.BasicTypeRegistry     : Adding type registration wrapper-binary -> org.hibernate.type.BasicTypeReference@374c40ba
2024-02-27T11:40:51.857+01:00 DEBUG 30564 --- [           main] org.hibernate.type.BasicTypeRegistry     : Adding type registration image -> org.hibernate.type.BasicTypeReference@18dcb8a7
2024-02-27T11:40:51.857+01:00 DEBUG 30564 --- [           main] org.hibernate.type.BasicTypeRegistry     : Adding type registration blob -> org.hibernate.type.BasicTypeReference@6dcab9d9
2024-02-27T11:40:51.857+01:00 DEBUG 30564 --- [           main] org.hibernate.type.BasicTypeRegistry     : Adding type registration java.sql.Blob -> org.hibernate.type.BasicTypeReference@6dcab9d9
2024-02-27T11:40:51.858+01:00 DEBUG 30564 --- [           main] org.hibernate.type.BasicTypeRegistry     : Adding type registration materialized_blob -> org.hibernate.type.BasicTypeReference@5a14e60d
2024-02-27T11:40:51.858+01:00 DEBUG 30564 --- [           main] org.hibernate.type.BasicTypeRegistry     : Adding type registration materialized_blob_wrapper -> org.hibernate.type.BasicTypeReference@f882465
2024-02-27T11:40:51.858+01:00 DEBUG 30564 --- [           main] org.hibernate.type.BasicTypeRegistry     : Adding type registration short -> org.hibernate.type.BasicTypeReference@72ecbcb3
2024-02-27T11:40:51.858+01:00 DEBUG 30564 --- [           main] org.hibernate.type.BasicTypeRegistry     : Adding type registration short -> org.hibernate.type.BasicTypeReference@72ecbcb3
2024-02-27T11:40:51.858+01:00 DEBUG 30564 --- [           main] org.hibernate.type.BasicTypeRegistry     : Adding type registration java.lang.Short -> org.hibernate.type.BasicTypeReference@72ecbcb3
2024-02-27T11:40:51.858+01:00 DEBUG 30564 --- [           main] org.hibernate.type.BasicTypeRegistry     : Adding type registration integer -> org.hibernate.type.BasicTypeReference@4a50c746
2024-02-27T11:40:51.858+01:00 DEBUG 30564 --- [           main] org.hibernate.type.BasicTypeRegistry     : Adding type registration int -> org.hibernate.type.BasicTypeReference@4a50c746
2024-02-27T11:40:51.858+01:00 DEBUG 30564 --- [           main] org.hibernate.type.BasicTypeRegistry     : Adding type registration java.lang.Integer -> org.hibernate.type.BasicTypeReference@4a50c746
2024-02-27T11:40:51.858+01:00 DEBUG 30564 --- [           main] org.hibernate.type.BasicTypeRegistry     : Adding type registration long -> org.hibernate.type.BasicTypeReference@3709748f
2024-02-27T11:40:51.858+01:00 DEBUG 30564 --- [           main] org.hibernate.type.BasicTypeRegistry     : Adding type registration long -> org.hibernate.type.BasicTypeReference@3709748f
2024-02-27T11:40:51.858+01:00 DEBUG 30564 --- [           main] org.hibernate.type.BasicTypeRegistry     : Adding type registration java.lang.Long -> org.hibernate.type.BasicTypeReference@3709748f
2024-02-27T11:40:51.858+01:00 DEBUG 30564 --- [           main] org.hibernate.type.BasicTypeRegistry     : Adding type registration float -> org.hibernate.type.BasicTypeReference@79ecc507
2024-02-27T11:40:51.858+01:00 DEBUG 30564 --- [           main] org.hibernate.type.BasicTypeRegistry     : Adding type registration float -> org.hibernate.type.BasicTypeReference@79ecc507
2024-02-27T11:40:51.858+01:00 DEBUG 30564 --- [           main] org.hibernate.type.BasicTypeRegistry     : Adding type registration java.lang.Float -> org.hibernate.type.BasicTypeReference@79ecc507
2024-02-27T11:40:51.858+01:00 DEBUG 30564 --- [           main] org.hibernate.type.BasicTypeRegistry     : Adding type registration double -> org.hibernate.type.BasicTypeReference@6ef2f7ad
2024-02-27T11:40:51.858+01:00 DEBUG 30564 --- [           main] org.hibernate.type.BasicTypeRegistry     : Adding type registration double -> org.hibernate.type.BasicTypeReference@6ef2f7ad
2024-02-27T11:40:51.858+01:00 DEBUG 30564 --- [           main] org.hibernate.type.BasicTypeRegistry     : Adding type registration java.lang.Double -> org.hibernate.type.BasicTypeReference@6ef2f7ad
2024-02-27T11:40:51.859+01:00 DEBUG 30564 --- [           main] org.hibernate.type.BasicTypeRegistry     : Adding type registration big_integer -> org.hibernate.type.BasicTypeReference@22d477c2
2024-02-27T11:40:51.859+01:00 DEBUG 30564 --- [           main] org.hibernate.type.BasicTypeRegistry     : Adding type registration java.math.BigInteger -> org.hibernate.type.BasicTypeReference@22d477c2
2024-02-27T11:40:51.859+01:00 DEBUG 30564 --- [           main] org.hibernate.type.BasicTypeRegistry     : Adding type registration big_decimal -> org.hibernate.type.BasicTypeReference@5e85c21b
2024-02-27T11:40:51.859+01:00 DEBUG 30564 --- [           main] org.hibernate.type.BasicTypeRegistry     : Adding type registration java.math.BigDecimal -> org.hibernate.type.BasicTypeReference@5e85c21b
2024-02-27T11:40:51.859+01:00 DEBUG 30564 --- [           main] org.hibernate.type.BasicTypeRegistry     : Adding type registration character -> org.hibernate.type.BasicTypeReference@41def031
2024-02-27T11:40:51.859+01:00 DEBUG 30564 --- [           main] org.hibernate.type.BasicTypeRegistry     : Adding type registration char -> org.hibernate.type.BasicTypeReference@41def031
2024-02-27T11:40:51.859+01:00 DEBUG 30564 --- [           main] org.hibernate.type.BasicTypeRegistry     : Adding type registration java.lang.Character -> org.hibernate.type.BasicTypeReference@41def031
2024-02-27T11:40:51.859+01:00 DEBUG 30564 --- [           main] org.hibernate.type.BasicTypeRegistry     : Adding type registration character_nchar -> org.hibernate.type.BasicTypeReference@38e83838
2024-02-27T11:40:51.859+01:00 DEBUG 30564 --- [           main] org.hibernate.type.BasicTypeRegistry     : Adding type registration string -> org.hibernate.type.BasicTypeReference@39832280
2024-02-27T11:40:51.859+01:00 DEBUG 30564 --- [           main] org.hibernate.type.BasicTypeRegistry     : Adding type registration java.lang.String -> org.hibernate.type.BasicTypeReference@39832280
2024-02-27T11:40:51.859+01:00 DEBUG 30564 --- [           main] org.hibernate.type.BasicTypeRegistry     : Adding type registration nstring -> org.hibernate.type.BasicTypeReference@4966bab1
2024-02-27T11:40:51.859+01:00 DEBUG 30564 --- [           main] org.hibernate.type.BasicTypeRegistry     : Adding type registration characters -> org.hibernate.type.BasicTypeReference@7f0f84d4
2024-02-27T11:40:51.859+01:00 DEBUG 30564 --- [           main] org.hibernate.type.BasicTypeRegistry     : Adding type registration char[] -> org.hibernate.type.BasicTypeReference@7f0f84d4
2024-02-27T11:40:51.859+01:00 DEBUG 30564 --- [           main] org.hibernate.type.BasicTypeRegistry     : Adding type registration [C -> org.hibernate.type.BasicTypeReference@7f0f84d4
2024-02-27T11:40:51.859+01:00 DEBUG 30564 --- [           main] org.hibernate.type.BasicTypeRegistry     : Adding type registration wrapper-characters -> org.hibernate.type.BasicTypeReference@6df4af5
2024-02-27T11:40:51.859+01:00 DEBUG 30564 --- [           main] org.hibernate.type.BasicTypeRegistry     : Adding type registration text -> org.hibernate.type.BasicTypeReference@26e8ff8c
2024-02-27T11:40:51.859+01:00 DEBUG 30564 --- [           main] org.hibernate.type.BasicTypeRegistry     : Adding type registration ntext -> org.hibernate.type.BasicTypeReference@5aa76ad2
2024-02-27T11:40:51.859+01:00 DEBUG 30564 --- [           main] org.hibernate.type.BasicTypeRegistry     : Adding type registration clob -> org.hibernate.type.BasicTypeReference@590d6c76
2024-02-27T11:40:51.860+01:00 DEBUG 30564 --- [           main] org.hibernate.type.BasicTypeRegistry     : Adding type registration java.sql.Clob -> org.hibernate.type.BasicTypeReference@590d6c76
2024-02-27T11:40:51.860+01:00 DEBUG 30564 --- [           main] org.hibernate.type.BasicTypeRegistry     : Adding type registration nclob -> org.hibernate.type.BasicTypeReference@25791d40
2024-02-27T11:40:51.860+01:00 DEBUG 30564 --- [           main] org.hibernate.type.BasicTypeRegistry     : Adding type registration java.sql.NClob -> org.hibernate.type.BasicTypeReference@25791d40
2024-02-27T11:40:51.860+01:00 DEBUG 30564 --- [           main] org.hibernate.type.BasicTypeRegistry     : Adding type registration materialized_clob -> org.hibernate.type.BasicTypeReference@448c92fc
2024-02-27T11:40:51.860+01:00 DEBUG 30564 --- [           main] org.hibernate.type.BasicTypeRegistry     : Adding type registration materialized_clob_char_array -> org.hibernate.type.BasicTypeReference@251c8145
2024-02-27T11:40:51.860+01:00 DEBUG 30564 --- [           main] org.hibernate.type.BasicTypeRegistry     : Adding type registration materialized_clob_character_array -> org.hibernate.type.BasicTypeReference@17c0274c
2024-02-27T11:40:51.860+01:00 DEBUG 30564 --- [           main] org.hibernate.type.BasicTypeRegistry     : Adding type registration materialized_nclob -> org.hibernate.type.BasicTypeReference@7abeabe9
2024-02-27T11:40:51.860+01:00 DEBUG 30564 --- [           main] org.hibernate.type.BasicTypeRegistry     : Adding type registration materialized_nclob_character_array -> org.hibernate.type.BasicTypeReference@5a05dd30
2024-02-27T11:40:51.860+01:00 DEBUG 30564 --- [           main] org.hibernate.type.BasicTypeRegistry     : Adding type registration materialized_nclob_char_array -> org.hibernate.type.BasicTypeReference@1b52699c
2024-02-27T11:40:51.860+01:00 DEBUG 30564 --- [           main] org.hibernate.type.BasicTypeRegistry     : Adding type registration Duration -> org.hibernate.type.BasicTypeReference@dbed7fd
2024-02-27T11:40:51.860+01:00 DEBUG 30564 --- [           main] org.hibernate.type.BasicTypeRegistry     : Adding type registration java.time.Duration -> org.hibernate.type.BasicTypeReference@dbed7fd
2024-02-27T11:40:51.860+01:00 DEBUG 30564 --- [           main] org.hibernate.type.BasicTypeRegistry     : Adding type registration LocalDateTime -> org.hibernate.type.BasicTypeReference@250d440
2024-02-27T11:40:51.860+01:00 DEBUG 30564 --- [           main] org.hibernate.type.BasicTypeRegistry     : Adding type registration java.time.LocalDateTime -> org.hibernate.type.BasicTypeReference@250d440
2024-02-27T11:40:51.860+01:00 DEBUG 30564 --- [           main] org.hibernate.type.BasicTypeRegistry     : Adding type registration LocalDate -> org.hibernate.type.BasicTypeReference@76c86567
2024-02-27T11:40:51.860+01:00 DEBUG 30564 --- [           main] org.hibernate.type.BasicTypeRegistry     : Adding type registration java.time.LocalDate -> org.hibernate.type.BasicTypeReference@76c86567
2024-02-27T11:40:51.860+01:00 DEBUG 30564 --- [           main] org.hibernate.type.BasicTypeRegistry     : Adding type registration LocalTime -> org.hibernate.type.BasicTypeReference@7e5efcab
2024-02-27T11:40:51.860+01:00 DEBUG 30564 --- [           main] org.hibernate.type.BasicTypeRegistry     : Adding type registration java.time.LocalTime -> org.hibernate.type.BasicTypeReference@7e5efcab
2024-02-27T11:40:51.860+01:00 DEBUG 30564 --- [           main] org.hibernate.type.BasicTypeRegistry     : Adding type registration OffsetDateTime -> org.hibernate.type.BasicTypeReference@5a4dda2
2024-02-27T11:40:51.860+01:00 DEBUG 30564 --- [           main] org.hibernate.type.BasicTypeRegistry     : Adding type registration java.time.OffsetDateTime -> org.hibernate.type.BasicTypeReference@5a4dda2
2024-02-27T11:40:51.860+01:00 DEBUG 30564 --- [           main] org.hibernate.type.BasicTypeRegistry     : Adding type registration OffsetDateTimeWithTimezone -> org.hibernate.type.BasicTypeReference@1d2fb82
2024-02-27T11:40:51.860+01:00 DEBUG 30564 --- [           main] org.hibernate.type.BasicTypeRegistry     : Adding type registration OffsetDateTimeWithoutTimezone -> org.hibernate.type.BasicTypeReference@34045582
2024-02-27T11:40:51.861+01:00 DEBUG 30564 --- [           main] org.hibernate.type.BasicTypeRegistry     : Adding type registration OffsetTime -> org.hibernate.type.BasicTypeReference@3db65c0d
2024-02-27T11:40:51.861+01:00 DEBUG 30564 --- [           main] org.hibernate.type.BasicTypeRegistry     : Adding type registration java.time.OffsetTime -> org.hibernate.type.BasicTypeReference@3db65c0d
2024-02-27T11:40:51.861+01:00 DEBUG 30564 --- [           main] org.hibernate.type.BasicTypeRegistry     : Adding type registration OffsetTimeUtc -> org.hibernate.type.BasicTypeReference@1edccfd4
2024-02-27T11:40:51.861+01:00 DEBUG 30564 --- [           main] org.hibernate.type.BasicTypeRegistry     : Adding type registration OffsetTimeWithTimezone -> org.hibernate.type.BasicTypeReference@8c43966
2024-02-27T11:40:51.861+01:00 DEBUG 30564 --- [           main] org.hibernate.type.BasicTypeRegistry     : Adding type registration OffsetTimeWithoutTimezone -> org.hibernate.type.BasicTypeReference@1efac5b9
2024-02-27T11:40:51.861+01:00 DEBUG 30564 --- [           main] org.hibernate.type.BasicTypeRegistry     : Adding type registration ZonedDateTime -> org.hibernate.type.BasicTypeReference@11a3a45f
2024-02-27T11:40:51.861+01:00 DEBUG 30564 --- [           main] org.hibernate.type.BasicTypeRegistry     : Adding type registration java.time.ZonedDateTime -> org.hibernate.type.BasicTypeReference@11a3a45f
2024-02-27T11:40:51.861+01:00 DEBUG 30564 --- [           main] org.hibernate.type.BasicTypeRegistry     : Adding type registration ZonedDateTimeWithTimezone -> org.hibernate.type.BasicTypeReference@69796bd0
2024-02-27T11:40:51.861+01:00 DEBUG 30564 --- [           main] org.hibernate.type.BasicTypeRegistry     : Adding type registration ZonedDateTimeWithoutTimezone -> org.hibernate.type.BasicTypeReference@40df6090
2024-02-27T11:40:51.861+01:00 DEBUG 30564 --- [           main] org.hibernate.type.BasicTypeRegistry     : Adding type registration date -> org.hibernate.type.BasicTypeReference@8c0a23f
2024-02-27T11:40:51.861+01:00 DEBUG 30564 --- [           main] org.hibernate.type.BasicTypeRegistry     : Adding type registration java.sql.Date -> org.hibernate.type.BasicTypeReference@8c0a23f
2024-02-27T11:40:51.861+01:00 DEBUG 30564 --- [           main] org.hibernate.type.BasicTypeRegistry     : Adding type registration time -> org.hibernate.type.BasicTypeReference@44d7e24
2024-02-27T11:40:51.861+01:00 DEBUG 30564 --- [           main] org.hibernate.type.BasicTypeRegistry     : Adding type registration java.sql.Time -> org.hibernate.type.BasicTypeReference@44d7e24
2024-02-27T11:40:51.861+01:00 DEBUG 30564 --- [           main] org.hibernate.type.BasicTypeRegistry     : Adding type registration timestamp -> org.hibernate.type.BasicTypeReference@26c8b296
2024-02-27T11:40:51.861+01:00 DEBUG 30564 --- [           main] org.hibernate.type.BasicTypeRegistry     : Adding type registration java.sql.Timestamp -> org.hibernate.type.BasicTypeReference@26c8b296
2024-02-27T11:40:51.861+01:00 DEBUG 30564 --- [           main] org.hibernate.type.BasicTypeRegistry     : Adding type registration java.util.Date -> org.hibernate.type.BasicTypeReference@26c8b296
2024-02-27T11:40:51.861+01:00 DEBUG 30564 --- [           main] org.hibernate.type.BasicTypeRegistry     : Adding type registration calendar -> org.hibernate.type.BasicTypeReference@1d289d3f
2024-02-27T11:40:51.861+01:00 DEBUG 30564 --- [           main] org.hibernate.type.BasicTypeRegistry     : Adding type registration java.util.Calendar -> org.hibernate.type.BasicTypeReference@1d289d3f
2024-02-27T11:40:51.861+01:00 DEBUG 30564 --- [           main] org.hibernate.type.BasicTypeRegistry     : Adding type registration java.util.GregorianCalendar -> org.hibernate.type.BasicTypeReference@1d289d3f
2024-02-27T11:40:51.861+01:00 DEBUG 30564 --- [           main] org.hibernate.type.BasicTypeRegistry     : Adding type registration calendar_date -> org.hibernate.type.BasicTypeReference@10f405ff
2024-02-27T11:40:51.861+01:00 DEBUG 30564 --- [           main] org.hibernate.type.BasicTypeRegistry     : Adding type registration calendar_time -> org.hibernate.type.BasicTypeReference@7f27f59b
2024-02-27T11:40:51.861+01:00 DEBUG 30564 --- [           main] org.hibernate.type.BasicTypeRegistry     : Adding type registration instant -> org.hibernate.type.BasicTypeReference@1c98b4eb
2024-02-27T11:40:51.861+01:00 DEBUG 30564 --- [           main] org.hibernate.type.BasicTypeRegistry     : Adding type registration java.time.Instant -> org.hibernate.type.BasicTypeReference@1c98b4eb
2024-02-27T11:40:51.861+01:00 DEBUG 30564 --- [           main] org.hibernate.type.BasicTypeRegistry     : Adding type registration uuid -> org.hibernate.type.BasicTypeReference@45801322
2024-02-27T11:40:51.862+01:00 DEBUG 30564 --- [           main] org.hibernate.type.BasicTypeRegistry     : Adding type registration java.util.UUID -> org.hibernate.type.BasicTypeReference@45801322
2024-02-27T11:40:51.862+01:00 DEBUG 30564 --- [           main] org.hibernate.type.BasicTypeRegistry     : Adding type registration pg-uuid -> org.hibernate.type.BasicTypeReference@45801322
2024-02-27T11:40:51.862+01:00 DEBUG 30564 --- [           main] org.hibernate.type.BasicTypeRegistry     : Adding type registration uuid-binary -> org.hibernate.type.BasicTypeReference@756b2d90
2024-02-27T11:40:51.862+01:00 DEBUG 30564 --- [           main] org.hibernate.type.BasicTypeRegistry     : Adding type registration uuid-char -> org.hibernate.type.BasicTypeReference@3520958b
2024-02-27T11:40:51.862+01:00 DEBUG 30564 --- [           main] org.hibernate.type.BasicTypeRegistry     : Adding type registration class -> org.hibernate.type.BasicTypeReference@6cc64028
2024-02-27T11:40:51.862+01:00 DEBUG 30564 --- [           main] org.hibernate.type.BasicTypeRegistry     : Adding type registration java.lang.Class -> org.hibernate.type.BasicTypeReference@6cc64028
2024-02-27T11:40:51.862+01:00 DEBUG 30564 --- [           main] org.hibernate.type.BasicTypeRegistry     : Adding type registration currency -> org.hibernate.type.BasicTypeReference@291a4791
2024-02-27T11:40:51.862+01:00 DEBUG 30564 --- [           main] org.hibernate.type.BasicTypeRegistry     : Adding type registration Currency -> org.hibernate.type.BasicTypeReference@291a4791
2024-02-27T11:40:51.862+01:00 DEBUG 30564 --- [           main] org.hibernate.type.BasicTypeRegistry     : Adding type registration java.util.Currency -> org.hibernate.type.BasicTypeReference@291a4791
2024-02-27T11:40:51.863+01:00 DEBUG 30564 --- [           main] org.hibernate.type.BasicTypeRegistry     : Adding type registration locale -> org.hibernate.type.BasicTypeReference@5b1e88f
2024-02-27T11:40:51.863+01:00 DEBUG 30564 --- [           main] org.hibernate.type.BasicTypeRegistry     : Adding type registration java.util.Locale -> org.hibernate.type.BasicTypeReference@5b1e88f
2024-02-27T11:40:51.863+01:00 DEBUG 30564 --- [           main] org.hibernate.type.BasicTypeRegistry     : Adding type registration serializable -> org.hibernate.type.BasicTypeReference@340cb97f
2024-02-27T11:40:51.863+01:00 DEBUG 30564 --- [           main] org.hibernate.type.BasicTypeRegistry     : Adding type registration java.io.Serializable -> org.hibernate.type.BasicTypeReference@340cb97f
2024-02-27T11:40:51.863+01:00 DEBUG 30564 --- [           main] org.hibernate.type.BasicTypeRegistry     : Adding type registration timezone -> org.hibernate.type.BasicTypeReference@6a1568d6
2024-02-27T11:40:51.863+01:00 DEBUG 30564 --- [           main] org.hibernate.type.BasicTypeRegistry     : Adding type registration java.util.TimeZone -> org.hibernate.type.BasicTypeReference@6a1568d6
2024-02-27T11:40:51.863+01:00 DEBUG 30564 --- [           main] org.hibernate.type.BasicTypeRegistry     : Adding type registration ZoneOffset -> org.hibernate.type.BasicTypeReference@11c88cca
2024-02-27T11:40:51.863+01:00 DEBUG 30564 --- [           main] org.hibernate.type.BasicTypeRegistry     : Adding type registration java.time.ZoneOffset -> org.hibernate.type.BasicTypeReference@11c88cca
2024-02-27T11:40:51.863+01:00 DEBUG 30564 --- [           main] org.hibernate.type.BasicTypeRegistry     : Adding type registration url -> org.hibernate.type.BasicTypeReference@1b37fbec
2024-02-27T11:40:51.863+01:00 DEBUG 30564 --- [           main] org.hibernate.type.BasicTypeRegistry     : Adding type registration java.net.URL -> org.hibernate.type.BasicTypeReference@1b37fbec
2024-02-27T11:40:51.863+01:00 DEBUG 30564 --- [           main] org.hibernate.type.BasicTypeRegistry     : Adding type registration vector -> org.hibernate.type.BasicTypeReference@4a216eb4
2024-02-27T11:40:51.863+01:00 DEBUG 30564 --- [           main] org.hibernate.type.BasicTypeRegistry     : Adding type registration row_version -> org.hibernate.type.BasicTypeReference@bb3ecfe
2024-02-27T11:40:51.866+01:00 DEBUG 30564 --- [           main] org.hibernate.type.BasicTypeRegistry     : Adding type registration object -> org.hibernate.type.JavaObjectType@6e9a0bea
2024-02-27T11:40:51.866+01:00 DEBUG 30564 --- [           main] org.hibernate.type.BasicTypeRegistry     : Adding type registration java.lang.Object -> org.hibernate.type.JavaObjectType@6e9a0bea
2024-02-27T11:40:51.867+01:00 DEBUG 30564 --- [           main] org.hibernate.type.BasicTypeRegistry     : Adding type registration null -> org.hibernate.type.NullType@19fec3d6
2024-02-27T11:40:51.867+01:00 DEBUG 30564 --- [           main] org.hibernate.type.BasicTypeRegistry     : Adding type registration imm_date -> org.hibernate.type.BasicTypeReference@5287ba5f
2024-02-27T11:40:51.867+01:00 DEBUG 30564 --- [           main] org.hibernate.type.BasicTypeRegistry     : Adding type registration imm_time -> org.hibernate.type.BasicTypeReference@6897a4a
2024-02-27T11:40:51.867+01:00 DEBUG 30564 --- [           main] org.hibernate.type.BasicTypeRegistry     : Adding type registration imm_timestamp -> org.hibernate.type.BasicTypeReference@6986f93e
2024-02-27T11:40:51.867+01:00 DEBUG 30564 --- [           main] org.hibernate.type.BasicTypeRegistry     : Adding type registration imm_calendar -> org.hibernate.type.BasicTypeReference@6bce313
2024-02-27T11:40:51.867+01:00 DEBUG 30564 --- [           main] org.hibernate.type.BasicTypeRegistry     : Adding type registration imm_calendar_date -> org.hibernate.type.BasicTypeReference@39266403
2024-02-27T11:40:51.867+01:00 DEBUG 30564 --- [           main] org.hibernate.type.BasicTypeRegistry     : Adding type registration imm_calendar_time -> org.hibernate.type.BasicTypeReference@74b00247
2024-02-27T11:40:51.867+01:00 DEBUG 30564 --- [           main] org.hibernate.type.BasicTypeRegistry     : Adding type registration imm_binary -> org.hibernate.type.BasicTypeReference@2aa14ae6
2024-02-27T11:40:51.867+01:00 DEBUG 30564 --- [           main] org.hibernate.type.BasicTypeRegistry     : Adding type registration imm_serializable -> org.hibernate.type.BasicTypeReference@4be490da
2024-02-27T11:40:51.966+01:00  INFO 30564 --- [           main] o.s.o.j.p.SpringPersistenceUnitInfo      : No LoadTimeWeaver setup: ignoring JPA class transformer
2024-02-27T11:40:51.996+01:00  INFO 30564 --- [           main] com.zaxxer.hikari.HikariDataSource       : HikariPool-1 - Starting...
2024-02-27T11:40:52.219+01:00  INFO 30564 --- [           main] com.zaxxer.hikari.pool.HikariPool        : HikariPool-1 - Added connection com.mysql.cj.jdbc.ConnectionImpl@25fa6889
2024-02-27T11:40:52.221+01:00  INFO 30564 --- [           main] com.zaxxer.hikari.HikariDataSource       : HikariPool-1 - Start completed.
2024-02-27T11:40:52.270+01:00  WARN 30564 --- [           main] org.hibernate.orm.deprecation            : HHH90000025: MySQLDialect does not need to be specified explicitly using 'hibernate.dialect' (remove the property setting and it will be selected by default)
2024-02-27T11:40:52.285+01:00 DEBUG 30564 --- [           main] o.h.t.d.sql.spi.DdlTypeRegistry          : addDescriptor(12, org.hibernate.type.descriptor.sql.internal.CapacityDependentDdlType@57f2e67) replaced previous registration(org.hibernate.type.descriptor.sql.internal.CapacityDependentDdlType@4571cebe)
2024-02-27T11:40:52.286+01:00 DEBUG 30564 --- [           main] o.h.t.d.sql.spi.DdlTypeRegistry          : addDescriptor(-9, org.hibernate.type.descriptor.sql.internal.CapacityDependentDdlType@154864f8) replaced previous registration(org.hibernate.type.descriptor.sql.internal.CapacityDependentDdlType@11cadb32)
2024-02-27T11:40:52.286+01:00 DEBUG 30564 --- [           main] o.h.t.d.sql.spi.DdlTypeRegistry          : addDescriptor(-3, org.hibernate.type.descriptor.sql.internal.CapacityDependentDdlType@6d3ad37a) replaced previous registration(org.hibernate.type.descriptor.sql.internal.CapacityDependentDdlType@26f5e45d)
2024-02-27T11:40:52.286+01:00 DEBUG 30564 --- [           main] o.h.t.d.sql.spi.DdlTypeRegistry          : addDescriptor(4003, org.hibernate.type.descriptor.sql.internal.DdlTypeImpl@704c3bdf) replaced previous registration(org.hibernate.type.descriptor.sql.internal.DdlTypeImpl@37986daf)
2024-02-27T11:40:52.286+01:00 DEBUG 30564 --- [           main] o.h.t.d.sql.spi.DdlTypeRegistry          : addDescriptor(4001, org.hibernate.type.descriptor.sql.internal.DdlTypeImpl@c82d925) replaced previous registration(org.hibernate.type.descriptor.sql.internal.DdlTypeImpl@55c03e4)
2024-02-27T11:40:52.286+01:00 DEBUG 30564 --- [           main] o.h.t.d.sql.spi.DdlTypeRegistry          : addDescriptor(4002, org.hibernate.type.descriptor.sql.internal.DdlTypeImpl@14df5253) replaced previous registration(org.hibernate.type.descriptor.sql.internal.DdlTypeImpl@605eb072)
2024-02-27T11:40:52.286+01:00 DEBUG 30564 --- [           main] o.h.t.d.sql.spi.DdlTypeRegistry          : addDescriptor(2004, org.hibernate.type.descriptor.sql.internal.CapacityDependentDdlType@7a0f06ad) replaced previous registration(org.hibernate.type.descriptor.sql.internal.DdlTypeImpl@1fa9692b)
2024-02-27T11:40:52.286+01:00 DEBUG 30564 --- [           main] o.h.t.d.sql.spi.DdlTypeRegistry          : addDescriptor(2005, org.hibernate.type.descriptor.sql.internal.CapacityDependentDdlType@710afd47) replaced previous registration(org.hibernate.type.descriptor.sql.internal.DdlTypeImpl@64420e34)
2024-02-27T11:40:52.286+01:00 DEBUG 30564 --- [           main] o.h.t.d.sql.spi.DdlTypeRegistry          : addDescriptor(2011, org.hibernate.type.descriptor.sql.internal.CapacityDependentDdlType@667a467f) replaced previous registration(org.hibernate.type.descriptor.sql.internal.DdlTypeImpl@324e8baa)
2024-02-27T11:40:52.287+01:00 DEBUG 30564 --- [           main] o.h.t.d.jdbc.spi.JdbcTypeRegistry        : addDescriptor(NCharTypeDescriptor) replaced previous registration(CharTypeDescriptor)
2024-02-27T11:40:52.287+01:00 DEBUG 30564 --- [           main] o.h.t.d.jdbc.spi.JdbcTypeRegistry        : addDescriptor(NVarcharTypeDescriptor) replaced previous registration(VarcharTypeDescriptor)
2024-02-27T11:40:52.287+01:00 DEBUG 30564 --- [           main] o.h.t.d.jdbc.spi.JdbcTypeRegistry        : addDescriptor(LongNVarcharTypeDescriptor) replaced previous registration(LongVarcharTypeDescriptor)
2024-02-27T11:40:52.288+01:00 DEBUG 30564 --- [           main] o.h.t.d.jdbc.spi.JdbcTypeRegistry        : addDescriptor(NClobTypeDescriptor(DEFAULT)) replaced previous registration(ClobTypeDescriptor(DEFAULT))
2024-02-27T11:40:52.288+01:00 DEBUG 30564 --- [           main] o.h.t.d.jdbc.spi.JdbcTypeRegistry        : addDescriptor(2005, ClobTypeDescriptor(STREAM_BINDING)) replaced previous registration(ClobTypeDescriptor(DEFAULT))
2024-02-27T11:40:52.290+01:00 DEBUG 30564 --- [           main] org.hibernate.type.BasicTypeRegistry     : Adding type registration null -> org.hibernate.type.NullType@2dbf2da
2024-02-27T11:40:52.290+01:00 DEBUG 30564 --- [           main] org.hibernate.type.BasicTypeRegistry     : Type registration key [null] overrode previous entry : `org.hibernate.type.NullType@19fec3d6`
2024-02-27T11:40:52.292+01:00 DEBUG 30564 --- [           main] org.hibernate.type.BasicTypeRegistry     : Adding type registration org.hibernate.type.DurationType -> basicType@1(java.time.Duration,3015)
2024-02-27T11:40:52.292+01:00 DEBUG 30564 --- [           main] org.hibernate.type.BasicTypeRegistry     : Adding type registration Duration -> basicType@1(java.time.Duration,3015)
2024-02-27T11:40:52.292+01:00 DEBUG 30564 --- [           main] org.hibernate.type.BasicTypeRegistry     : Adding type registration java.time.Duration -> basicType@1(java.time.Duration,3015)
2024-02-27T11:40:52.294+01:00 DEBUG 30564 --- [           main] org.hibernate.type.BasicTypeRegistry     : Adding type registration org.hibernate.type.OffsetDateTimeType -> basicType@2(java.time.OffsetDateTime,3003)
2024-02-27T11:40:52.294+01:00 DEBUG 30564 --- [           main] org.hibernate.type.BasicTypeRegistry     : Adding type registration OffsetDateTime -> basicType@2(java.time.OffsetDateTime,3003)
2024-02-27T11:40:52.294+01:00 DEBUG 30564 --- [           main] org.hibernate.type.BasicTypeRegistry     : Adding type registration java.time.OffsetDateTime -> basicType@2(java.time.OffsetDateTime,3003)
2024-02-27T11:40:52.294+01:00 DEBUG 30564 --- [           main] org.hibernate.type.BasicTypeRegistry     : Adding type registration org.hibernate.type.ZonedDateTimeType -> basicType@3(java.time.ZonedDateTime,3003)
2024-02-27T11:40:52.294+01:00 DEBUG 30564 --- [           main] org.hibernate.type.BasicTypeRegistry     : Adding type registration ZonedDateTime -> basicType@3(java.time.ZonedDateTime,3003)
2024-02-27T11:40:52.294+01:00 DEBUG 30564 --- [           main] org.hibernate.type.BasicTypeRegistry     : Adding type registration java.time.ZonedDateTime -> basicType@3(java.time.ZonedDateTime,3003)
2024-02-27T11:40:52.294+01:00 DEBUG 30564 --- [           main] org.hibernate.type.BasicTypeRegistry     : Adding type registration org.hibernate.type.OffsetTimeType -> basicType@4(java.time.OffsetTime,3007)
2024-02-27T11:40:52.294+01:00 DEBUG 30564 --- [           main] org.hibernate.type.BasicTypeRegistry     : Adding type registration OffsetTime -> basicType@4(java.time.OffsetTime,3007)
2024-02-27T11:40:52.294+01:00 DEBUG 30564 --- [           main] org.hibernate.type.BasicTypeRegistry     : Adding type registration java.time.OffsetTime -> basicType@4(java.time.OffsetTime,3007)
2024-02-27T11:40:52.295+01:00 DEBUG 30564 --- [           main] o.h.type.spi.TypeConfiguration$Scope     : Scoping TypeConfiguration [org.hibernate.type.spi.TypeConfiguration@5273143e] to MetadataBuildingContext [org.hibernate.boot.internal.MetadataBuildingContextRootImpl@279c4e3b]
2024-02-27T11:40:52.695+01:00  INFO 30564 --- [           main] o.h.e.t.j.p.i.JtaPlatformInitiator       : HHH000489: No JTA platform available (set 'hibernate.transaction.jta.platform' to enable JTA platform integration)
2024-02-27T11:40:52.695+01:00 DEBUG 30564 --- [           main] o.h.type.spi.TypeConfiguration$Scope     : Scoping TypeConfiguration [org.hibernate.type.spi.TypeConfiguration@5273143e] to SessionFactoryImplementor [org.hibernate.internal.SessionFactoryImpl@69ed96e1]
2024-02-27T11:40:52.728+01:00 DEBUG 30564 --- [           main] org.hibernate.SQL                        : create table users (id bigint not null auto_increment, password varchar(255), role tinyint check (role between 0 and 1), username varchar(255), primary key (id)) engine=InnoDB
2024-02-27T11:40:52.746+01:00 TRACE 30564 --- [           main] o.h.type.spi.TypeConfiguration$Scope     : Handling #sessionFactoryCreated from [org.hibernate.internal.SessionFactoryImpl@69ed96e1] for TypeConfiguration
2024-02-27T11:40:52.746+01:00  INFO 30564 --- [           main] j.LocalContainerEntityManagerFactoryBean : Initialized JPA EntityManagerFactory for persistence unit 'default'
2024-02-27T11:40:53.134+01:00  WARN 30564 --- [           main] JpaBaseConfiguration$JpaWebConfiguration : spring.jpa.open-in-view is enabled by default. Therefore, database queries may be performed during view rendering. Explicitly configure spring.jpa.open-in-view to disable this warning
2024-02-27T11:40:53.399+01:00  INFO 30564 --- [           main] o.s.s.web.DefaultSecurityFilterChain     : Will secure any request with [org.springframework.security.web.session.DisableEncodeUrlFilter@75aeec0a, org.springframework.security.web.context.request.async.WebAsyncManagerIntegrationFilter@6b8cdc4, org.springframework.security.web.context.SecurityContextHolderFilter@578781f7, org.springframework.security.web.header.HeaderWriterFilter@d62feaf, org.springframework.web.filter.CorsFilter@79e28671, org.springframework.security.web.authentication.logout.LogoutFilter@9e4388d, com.BookPipeline.BookPipeline.login.filter.JWTAuthFilter@5c28009f, org.springframework.security.web.savedrequest.RequestCacheAwareFilter@22e253c7, org.springframework.security.web.servletapi.SecurityContextHolderAwareRequestFilter@2480acc3, org.springframework.security.web.authentication.AnonymousAuthenticationFilter@ad6255e, org.springframework.security.web.session.SessionManagementFilter@48dc9950, org.springframework.security.web.access.ExceptionTranslationFilter@5d03df76, org.springframework.security.web.access.intercept.AuthorizationFilter@71f042b1]
2024-02-27T11:40:53.589+01:00  INFO 30564 --- [           main] c.B.B.BookPipelineApplicationTests       : Started BookPipelineApplicationTests in 2.922 seconds (process running for 3.448)
]]></system-out>
    <system-err><![CDATA[WARNING: A Java agent has been loaded dynamically (C:\Users\samer\.m2\repository\net\bytebuddy\byte-buddy-agent\1.14.12\byte-buddy-agent-1.14.12.jar)
WARNING: If a serviceability tool is in use, please run with -XX:+EnableDynamicAgentLoading to hide this warning
WARNING: If a serviceability tool is not in use, please run with -Djdk.instrument.traceUsage for more information
WARNING: Dynamic loading of agents will be disallowed by default in a future release
]]></system-err>
  </testcase>
</testsuite>